# JRE version: Java(TM) SE Runtime Environment (8.0_91-b14) (build 1.8.0_91-b14)
# Java VM: Java HotSpot(TM) 64-Bit Server VM (25.91-b14 mixed mode linux-amd64 compressed oops)
Heap:
 PSYoungGen      total 132096K, used 5108K [0x00000000d6e00000, 0x00000000df400000, 0x0000000100000000)
  eden space 126976K, 0% used [0x00000000d6e00000,0x00000000d6e00000,0x00000000dea00000)
  from space 5120K, 99% used [0x00000000dea00000,0x00000000deefd030,0x00000000def00000)
  to   space 5120K, 0% used [0x00000000def00000,0x00000000def00000,0x00000000df400000)
 ParOldGen       total 48128K, used 12746K [0x0000000084a00000, 0x0000000087900000, 0x00000000d6e00000)
  object space 48128K, 26% used [0x0000000084a00000,0x00000000856728f0,0x0000000087900000)
 Metaspace       used 26929K, capacity 27862K, committed 28032K, reserved 1073152K
  class space    used 3616K, capacity 3848K, committed 3968K, reserved 1048576K
GC Heap History (10 events):
Event: 0.734 GC heap after
Heap after GC invocations=1 (full 0):
 PSYoungGen      total 36864K, used 4120K [0x00000000d6e00000, 0x00000000db600000, 0x0000000100000000)
  eden space 31744K, 0% used [0x00000000d6e00000,0x00000000d6e00000,0x00000000d8d00000)
  from space 5120K, 80% used [0x00000000d8d00000,0x00000000d9106228,0x00000000d9200000)
  to   space 5120K, 0% used [0x00000000db100000,0x00000000db100000,0x00000000db600000)
 ParOldGen       total 84992K, used 8K [0x0000000084a00000, 0x0000000089d00000, 0x00000000d6e00000)
  object space 84992K, 0% used [0x0000000084a00000,0x0000000084a02000,0x0000000089d00000)
 Metaspace       used 10275K, capacity 10512K, committed 10624K, reserved 1058816K
  class space    used 1278K, capacity 1368K, committed 1408K, reserved 1048576K
}
Event: 0.995 GC heap before
{Heap before GC invocations=2 (full 0):
 PSYoungGen      total 36864K, used 35864K [0x00000000d6e00000, 0x00000000db600000, 0x0000000100000000)
  eden space 31744K, 100% used [0x00000000d6e00000,0x00000000d8d00000,0x00000000d8d00000)
  from space 5120K, 80% used [0x00000000d8d00000,0x00000000d9106228,0x00000000d9200000)
  to   space 5120K, 0% used [0x00000000db100000,0x00000000db100000,0x00000000db600000)
 ParOldGen       total 84992K, used 8K [0x0000000084a00000, 0x0000000089d00000, 0x00000000d6e00000)
  object space 84992K, 0% used [0x0000000084a00000,0x0000000084a02000,0x0000000089d00000)
 Metaspace       used 14071K, capacity 14544K, committed 14848K, reserved 1062912K
  class space    used 1825K, capacity 1969K, committed 2048K, reserved 1048576K
Event: 1.013 GC heap after
Heap after GC invocations=2 (full 0):
 PSYoungGen      total 68608K, used 5098K [0x00000000d6e00000, 0x00000000db600000, 0x0000000100000000)
  eden space 63488K, 0% used [0x00000000d6e00000,0x00000000d6e00000,0x00000000dac00000)
  from space 5120K, 99% used [0x00000000db100000,0x00000000db5fa8b8,0x00000000db600000)
  to   space 5120K, 0% used [0x00000000dac00000,0x00000000dac00000,0x00000000db100000)
 ParOldGen       total 84992K, used 216K [0x0000000084a00000, 0x0000000089d00000, 0x00000000d6e00000)
  object space 84992K, 0% used [0x0000000084a00000,0x0000000084a36060,0x0000000089d00000)
 Metaspace       used 14071K, capacity 14544K, committed 14848K, reserved 1062912K
  class space    used 1825K, capacity 1969K, committed 2048K, reserved 1048576K
}
Event: 1.323 GC heap before
{Heap before GC invocations=3 (full 0):
 PSYoungGen      total 68608K, used 68586K [0x00000000d6e00000, 0x00000000db600000, 0x0000000100000000)
  eden space 63488K, 100% used [0x00000000d6e00000,0x00000000dac00000,0x00000000dac00000)
  from space 5120K, 99% used [0x00000000db100000,0x00000000db5fa8b8,0x00000000db600000)
  to   space 5120K, 0% used [0x00000000dac00000,0x00000000dac00000,0x00000000db100000)
 ParOldGen       total 84992K, used 216K [0x0000000084a00000, 0x0000000089d00000, 0x00000000d6e00000)
  object space 84992K, 0% used [0x0000000084a00000,0x0000000084a36060,0x0000000089d00000)
 Metaspace       used 19775K, capacity 20416K, committed 20608K, reserved 1067008K
  class space    used 2638K, capacity 2821K, committed 2944K, reserved 1048576K
Event: 1.337 GC heap after
Heap after GC invocations=3 (full 0):
 PSYoungGen      total 68608K, used 5088K [0x00000000d6e00000, 0x00000000df400000, 0x0000000100000000)
  eden space 63488K, 0% used [0x00000000d6e00000,0x00000000d6e00000,0x00000000dac00000)
  from space 5120K, 99% used [0x00000000dac00000,0x00000000db0f8020,0x00000000db100000)
  to   space 5120K, 0% used [0x00000000def00000,0x00000000def00000,0x00000000df400000)
 ParOldGen       total 84992K, used 5231K [0x0000000084a00000, 0x0000000089d00000, 0x00000000d6e00000)
  object space 84992K, 6% used [0x0000000084a00000,0x0000000084f1be08,0x0000000089d00000)
 Metaspace       used 19775K, capacity 20416K, committed 20608K, reserved 1067008K
  class space    used 2638K, capacity 2821K, committed 2944K, reserved 1048576K
}
Event: 1.424 GC heap before
{Heap before GC invocations=4 (full 0):
 PSYoungGen      total 68608K, used 11508K [0x00000000d6e00000, 0x00000000df400000, 0x0000000100000000)
  eden space 63488K, 10% used [0x00000000d6e00000,0x00000000d7445060,0x00000000dac00000)
  from space 5120K, 99% used [0x00000000dac00000,0x00000000db0f8020,0x00000000db100000)
  to   space 5120K, 0% used [0x00000000def00000,0x00000000def00000,0x00000000df400000)
 ParOldGen       total 84992K, used 5231K [0x0000000084a00000, 0x0000000089d00000, 0x00000000d6e00000)
  object space 84992K, 6% used [0x0000000084a00000,0x0000000084f1be08,0x0000000089d00000)
 Metaspace       used 20644K, capacity 21224K, committed 21296K, reserved 1067008K
  class space    used 2740K, capacity 2919K, committed 2944K, reserved 1048576K
Event: 1.445 GC heap after
Heap after GC invocations=4 (full 0):
 PSYoungGen      total 132096K, used 5102K [0x00000000d6e00000, 0x00000000df400000, 0x0000000100000000)
  eden space 126976K, 0% used [0x00000000d6e00000,0x00000000d6e00000,0x00000000dea00000)
  from space 5120K, 99% used [0x00000000def00000,0x00000000df3fb920,0x00000000df400000)
  to   space 5120K, 0% used [0x00000000dea00000,0x00000000dea00000,0x00000000def00000)
 ParOldGen       total 84992K, used 5444K [0x0000000084a00000, 0x0000000089d00000, 0x00000000d6e00000)
  object space 84992K, 6% used [0x0000000084a00000,0x0000000084f51048,0x0000000089d00000)
 Metaspace       used 20644K, capacity 21224K, committed 21296K, reserved 1067008K
  class space    used 2740K, capacity 2919K, committed 2944K, reserved 1048576K
}
Event: 1.445 GC heap before
{Heap before GC invocations=5 (full 1):
 PSYoungGen      total 132096K, used 5102K [0x00000000d6e00000, 0x00000000df400000, 0x0000000100000000)
  eden space 126976K, 0% used [0x00000000d6e00000,0x00000000d6e00000,0x00000000dea00000)
  from space 5120K, 99% used [0x00000000def00000,0x00000000df3fb920,0x00000000df400000)
  to   space 5120K, 0% used [0x00000000dea00000,0x00000000dea00000,0x00000000def00000)
 ParOldGen       total 84992K, used 5444K [0x0000000084a00000, 0x0000000089d00000, 0x00000000d6e00000)
  object space 84992K, 6% used [0x0000000084a00000,0x0000000084f51048,0x0000000089d00000)
 Metaspace       used 20644K, capacity 21224K, committed 21296K, reserved 1067008K
  class space    used 2740K, capacity 2919K, committed 2944K, reserved 1048576K
Event: 1.472 GC heap after
Heap after GC invocations=5 (full 1):
 PSYoungGen      total 132096K, used 0K [0x00000000d6e00000, 0x00000000df400000, 0x0000000100000000)
  eden space 126976K, 0% used [0x00000000d6e00000,0x00000000d6e00000,0x00000000dea00000)
  from space 5120K, 0% used [0x00000000def00000,0x00000000def00000,0x00000000df400000)
  to   space 5120K, 0% used [0x00000000dea00000,0x00000000dea00000,0x00000000def00000)
 ParOldGen       total 48128K, used 5201K [0x0000000084a00000, 0x0000000087900000, 0x00000000d6e00000)
  object space 48128K, 10% used [0x0000000084a00000,0x0000000084f14400,0x0000000087900000)
 Metaspace       used 20644K, capacity 21224K, committed 21296K, reserved 1067008K
  class space    used 2740K, capacity 2919K, committed 2944K, reserved 1048576K
}
Event: 35.328 GC heap before
{Heap before GC invocations=6 (full 1):
 PSYoungGen      total 132096K, used 126976K [0x00000000d6e00000, 0x00000000df400000, 0x0000000100000000)
  eden space 126976K, 100% used [0x00000000d6e00000,0x00000000dea00000,0x00000000dea00000)
  from space 5120K, 0% used [0x00000000def00000,0x00000000def00000,0x00000000df400000)
  to   space 5120K, 0% used [0x00000000dea00000,0x00000000dea00000,0x00000000def00000)
 ParOldGen       total 48128K, used 5201K [0x0000000084a00000, 0x0000000087900000, 0x00000000d6e00000)
  object space 48128K, 10% used [0x0000000084a00000,0x0000000084f14400,0x0000000087900000)
 Metaspace       used 26929K, capacity 27862K, committed 28032K, reserved 1073152K
  class space    used 3616K, capacity 3848K, committed 3968K, reserved 1048576K

